Uancinema_app/app/build/intermediates/manifest_merge_blame_file/debug/processDebugMainManifest/manifest-merger-blame-debug-report.txt
1<?xml version="1.0" encoding="utf-8"?>
2<manifest xmlns:android="http://schemas.android.com/apk/res/android"
3    package="com.example.uancinema_app"
4    android:versionCode="1"
5    android:versionName="1.0" >
6
7    <uses-sdk
8        android:minSdkVersion="24"
9        android:targetSdkVersion="34" />
10
11    <uses-permission android:name="android.permission.INTERNET" />
11-->[com.google.android.gms:play-services-measurement-api:22.0.0] AndroidManifest.xml:22:5-67
11-->[com.google.android.gms:play-services-measurement-api:22.0.0] AndroidManifest.xml:22:22-64
12    <uses-permission android:name="android.permission.ACCESS_NETWORK_STATE" />
12-->[com.google.android.gms:play-services-measurement-api:22.0.0] AndroidManifest.xml:23:5-79
12-->[com.google.android.gms:play-services-measurement-api:22.0.0] AndroidManifest.xml:23:22-76
13    <uses-permission android:name="android.permission.WAKE_LOCK" />
13-->[com.google.android.gms:play-services-measurement-api:22.0.0] AndroidManifest.xml:24:5-68
13-->[com.google.android.gms:play-services-measurement-api:22.0.0] AndroidManifest.xml:24:22-65
14    <uses-permission android:name="com.google.android.gms.permission.AD_ID" />
14-->[com.google.android.gms:play-services-measurement-api:22.0.0] AndroidManifest.xml:25:5-79
14-->[com.google.android.gms:play-services-measurement-api:22.0.0] AndroidManifest.xml:25:22-76
15    <uses-permission android:name="android.permission.ACCESS_ADSERVICES_ATTRIBUTION" />
15-->[com.google.android.gms:play-services-measurement-api:22.0.0] AndroidManifest.xml:26:5-88
15-->[com.google.android.gms:play-services-measurement-api:22.0.0] AndroidManifest.xml:26:22-85
16    <uses-permission android:name="android.permission.ACCESS_ADSERVICES_AD_ID" />
16-->[com.google.android.gms:play-services-measurement-api:22.0.0] AndroidManifest.xml:27:5-82
16-->[com.google.android.gms:play-services-measurement-api:22.0.0] AndroidManifest.xml:27:22-79
17    <uses-permission android:name="com.google.android.finsky.permission.BIND_GET_INSTALL_REFERRER_SERVICE" />
17-->[com.google.android.gms:play-services-measurement:22.0.0] AndroidManifest.xml:26:5-110
17-->[com.google.android.gms:play-services-measurement:22.0.0] AndroidManifest.xml:26:22-107
18
19    <permission
19-->[androidx.core:core:1.10.1] AndroidManifest.xml:22:5-24:47
20        android:name="com.example.uancinema_app.DYNAMIC_RECEIVER_NOT_EXPORTED_PERMISSION"
20-->[androidx.core:core:1.10.1] AndroidManifest.xml:23:9-81
21        android:protectionLevel="signature" />
21-->[androidx.core:core:1.10.1] AndroidManifest.xml:24:9-44
22
23    <uses-permission android:name="com.example.uancinema_app.DYNAMIC_RECEIVER_NOT_EXPORTED_PERMISSION" />
23-->[androidx.core:core:1.10.1] AndroidManifest.xml:26:5-97
23-->[androidx.core:core:1.10.1] AndroidManifest.xml:26:22-94
24
25    <application
25-->src\main\AndroidManifest.xml:5:5-294:19
26        android:allowBackup="true"
26-->src\main\AndroidManifest.xml:6:9-35
27        android:appComponentFactory="androidx.core.app.CoreComponentFactory"
27-->[androidx.core:core:1.10.1] AndroidManifest.xml:28:18-86
28        android:dataExtractionRules="@xml/data_extraction_rules"
28-->src\main\AndroidManifest.xml:7:9-65
29        android:debuggable="true"
30        android:extractNativeLibs="false"
31        android:fullBackupContent="@xml/backup_rules"
31-->src\main\AndroidManifest.xml:8:9-54
32        android:icon="@mipmap/ic_launcher"
32-->src\main\AndroidManifest.xml:9:9-43
33        android:label="@string/app_name"
33-->src\main\AndroidManifest.xml:10:9-41
34        android:roundIcon="@mipmap/ic_launcher_round"
34-->src\main\AndroidManifest.xml:11:9-54
35        android:supportsRtl="true"
35-->src\main\AndroidManifest.xml:12:9-35
36        android:testOnly="true"
37        android:theme="@style/Theme.Uancinema_app" >
37-->src\main\AndroidManifest.xml:13:9-51
38        <activity
38-->src\main\AndroidManifest.xml:15:9-23:20
39            android:name="com.example.uancinema_app.MainActivity"
39-->src\main\AndroidManifest.xml:16:13-41
40            android:exported="true" >
40-->src\main\AndroidManifest.xml:17:13-36
41            <intent-filter>
41-->src\main\AndroidManifest.xml:18:13-22:29
42                <action android:name="android.intent.action.MAIN" />
42-->src\main\AndroidManifest.xml:19:17-69
42-->src\main\AndroidManifest.xml:19:25-66
43
44                <category android:name="android.intent.category.LAUNCHER" />
44-->src\main\AndroidManifest.xml:21:17-77
44-->src\main\AndroidManifest.xml:21:27-74
45            </intent-filter>
46        </activity>
47        <activity
47-->src\main\AndroidManifest.xml:24:9-32:20
48            android:name="com.example.uancinema_app.LoginActivity"
48-->src\main\AndroidManifest.xml:25:13-42
49            android:exported="true" >
49-->src\main\AndroidManifest.xml:26:13-36
50            <intent-filter>
50-->src\main\AndroidManifest.xml:18:13-22:29
51                <action android:name="android.intent.action.MAIN" />
51-->src\main\AndroidManifest.xml:19:17-69
51-->src\main\AndroidManifest.xml:19:25-66
52
53                <category android:name="android.intent.category.LAUNCHER" />
53-->src\main\AndroidManifest.xml:21:17-77
53-->src\main\AndroidManifest.xml:21:27-74
54            </intent-filter>
55        </activity>
56        <activity
56-->src\main\AndroidManifest.xml:33:9-41:20
57            android:name="com.example.uancinema_app.RegistroActivity"
57-->src\main\AndroidManifest.xml:34:13-45
58            android:exported="true" >
58-->src\main\AndroidManifest.xml:35:13-36
59            <intent-filter>
59-->src\main\AndroidManifest.xml:18:13-22:29
60                <action android:name="android.intent.action.MAIN" />
60-->src\main\AndroidManifest.xml:19:17-69
60-->src\main\AndroidManifest.xml:19:25-66
61
62                <category android:name="android.intent.category.LAUNCHER" />
62-->src\main\AndroidManifest.xml:21:17-77
62-->src\main\AndroidManifest.xml:21:27-74
63            </intent-filter>
64        </activity>
65        <activity
65-->src\main\AndroidManifest.xml:42:9-50:20
66            android:name="com.example.uancinema_app.PrimeraPantallaActivity"
66-->src\main\AndroidManifest.xml:43:13-52
67            android:exported="true" >
67-->src\main\AndroidManifest.xml:44:13-36
68            <intent-filter>
68-->src\main\AndroidManifest.xml:18:13-22:29
69                <action android:name="android.intent.action.MAIN" />
69-->src\main\AndroidManifest.xml:19:17-69
69-->src\main\AndroidManifest.xml:19:25-66
70
71                <category android:name="android.intent.category.LAUNCHER" />
71-->src\main\AndroidManifest.xml:21:17-77
71-->src\main\AndroidManifest.xml:21:27-74
72            </intent-filter>
73        </activity>
74        <activity
74-->src\main\AndroidManifest.xml:51:9-59:20
75            android:name="com.example.uancinema_app.CuartoFragment"
75-->src\main\AndroidManifest.xml:52:13-43
76            android:exported="true" >
76-->src\main\AndroidManifest.xml:53:13-36
77            <intent-filter>
77-->src\main\AndroidManifest.xml:18:13-22:29
78                <action android:name="android.intent.action.MAIN" />
78-->src\main\AndroidManifest.xml:19:17-69
78-->src\main\AndroidManifest.xml:19:25-66
79
80                <category android:name="android.intent.category.LAUNCHER" />
80-->src\main\AndroidManifest.xml:21:17-77
80-->src\main\AndroidManifest.xml:21:27-74
81            </intent-filter>
82        </activity>
83        <activity
83-->src\main\AndroidManifest.xml:60:9-68:20
84            android:name="com.example.uancinema_app.VisualizacionActivity"
84-->src\main\AndroidManifest.xml:61:13-50
85            android:exported="true" >
85-->src\main\AndroidManifest.xml:62:13-36
86            <intent-filter>
86-->src\main\AndroidManifest.xml:18:13-22:29
87                <action android:name="android.intent.action.MAIN" />
87-->src\main\AndroidManifest.xml:19:17-69
87-->src\main\AndroidManifest.xml:19:25-66
88
89                <category android:name="android.intent.category.LAUNCHER" />
89-->src\main\AndroidManifest.xml:21:17-77
89-->src\main\AndroidManifest.xml:21:27-74
90            </intent-filter>
91        </activity>
92        <activity
92-->src\main\AndroidManifest.xml:69:9-77:20
93            android:name="com.example.uancinema_app.PeliculaEndGameActivity"
93-->src\main\AndroidManifest.xml:70:13-52
94            android:exported="true" >
94-->src\main\AndroidManifest.xml:71:13-36
95            <intent-filter>
95-->src\main\AndroidManifest.xml:18:13-22:29
96                <action android:name="android.intent.action.MAIN" />
96-->src\main\AndroidManifest.xml:19:17-69
96-->src\main\AndroidManifest.xml:19:25-66
97
98                <category android:name="android.intent.category.LAUNCHER" />
98-->src\main\AndroidManifest.xml:21:17-77
98-->src\main\AndroidManifest.xml:21:27-74
99            </intent-filter>
100        </activity>
101        <activity
101-->src\main\AndroidManifest.xml:78:9-86:20
102            android:name="com.example.uancinema_app.DescargarEndgameActivity"
102-->src\main\AndroidManifest.xml:79:13-53
103            android:exported="true" >
103-->src\main\AndroidManifest.xml:80:13-36
104            <intent-filter>
104-->src\main\AndroidManifest.xml:18:13-22:29
105                <action android:name="android.intent.action.MAIN" />
105-->src\main\AndroidManifest.xml:19:17-69
105-->src\main\AndroidManifest.xml:19:25-66
106
107                <category android:name="android.intent.category.LAUNCHER" />
107-->src\main\AndroidManifest.xml:21:17-77
107-->src\main\AndroidManifest.xml:21:27-74
108            </intent-filter>
109        </activity>
110        <activity
110-->src\main\AndroidManifest.xml:87:9-95:20
111            android:name="com.example.uancinema_app.EstrellaEndgameActivity"
111-->src\main\AndroidManifest.xml:88:13-52
112            android:exported="true" >
112-->src\main\AndroidManifest.xml:89:13-36
113            <intent-filter>
113-->src\main\AndroidManifest.xml:18:13-22:29
114                <action android:name="android.intent.action.MAIN" />
114-->src\main\AndroidManifest.xml:19:17-69
114-->src\main\AndroidManifest.xml:19:25-66
115
116                <category android:name="android.intent.category.LAUNCHER" />
116-->src\main\AndroidManifest.xml:21:17-77
116-->src\main\AndroidManifest.xml:21:27-74
117            </intent-filter>
118        </activity>
119        <activity
119-->src\main\AndroidManifest.xml:96:9-104:20
120            android:name="com.example.uancinema_app.PeliculaDoctorStrangerActivity"
120-->src\main\AndroidManifest.xml:97:13-59
121            android:exported="true" >
121-->src\main\AndroidManifest.xml:98:13-36
122            <intent-filter>
122-->src\main\AndroidManifest.xml:18:13-22:29
123                <action android:name="android.intent.action.MAIN" />
123-->src\main\AndroidManifest.xml:19:17-69
123-->src\main\AndroidManifest.xml:19:25-66
124
125                <category android:name="android.intent.category.LAUNCHER" />
125-->src\main\AndroidManifest.xml:21:17-77
125-->src\main\AndroidManifest.xml:21:27-74
126            </intent-filter>
127        </activity>
128        <activity
128-->src\main\AndroidManifest.xml:105:9-113:20
129            android:name="com.example.uancinema_app.DescargarDoctorActivity"
129-->src\main\AndroidManifest.xml:106:13-52
130            android:exported="true" >
130-->src\main\AndroidManifest.xml:107:13-36
131            <intent-filter>
131-->src\main\AndroidManifest.xml:18:13-22:29
132                <action android:name="android.intent.action.MAIN" />
132-->src\main\AndroidManifest.xml:19:17-69
132-->src\main\AndroidManifest.xml:19:25-66
133
134                <category android:name="android.intent.category.LAUNCHER" />
134-->src\main\AndroidManifest.xml:21:17-77
134-->src\main\AndroidManifest.xml:21:27-74
135            </intent-filter>
136        </activity>
137        <activity
137-->src\main\AndroidManifest.xml:114:9-122:20
138            android:name="com.example.uancinema_app.EstrellaDoctorActivity"
138-->src\main\AndroidManifest.xml:115:13-51
139            android:exported="true" >
139-->src\main\AndroidManifest.xml:116:13-36
140            <intent-filter>
140-->src\main\AndroidManifest.xml:18:13-22:29
141                <action android:name="android.intent.action.MAIN" />
141-->src\main\AndroidManifest.xml:19:17-69
141-->src\main\AndroidManifest.xml:19:25-66
142
143                <category android:name="android.intent.category.LAUNCHER" />
143-->src\main\AndroidManifest.xml:21:17-77
143-->src\main\AndroidManifest.xml:21:27-74
144            </intent-filter>
145        </activity>
146        <activity
146-->src\main\AndroidManifest.xml:123:9-131:20
147            android:name="com.example.uancinema_app.PeliculaMillersActivity"
147-->src\main\AndroidManifest.xml:124:13-52
148            android:exported="true" >
148-->src\main\AndroidManifest.xml:125:13-36
149            <intent-filter>
149-->src\main\AndroidManifest.xml:18:13-22:29
150                <action android:name="android.intent.action.MAIN" />
150-->src\main\AndroidManifest.xml:19:17-69
150-->src\main\AndroidManifest.xml:19:25-66
151
152                <category android:name="android.intent.category.LAUNCHER" />
152-->src\main\AndroidManifest.xml:21:17-77
152-->src\main\AndroidManifest.xml:21:27-74
153            </intent-filter>
154        </activity>
155        <activity
155-->src\main\AndroidManifest.xml:132:9-140:20
156            android:name="com.example.uancinema_app.DescargarMillersActivity"
156-->src\main\AndroidManifest.xml:133:13-53
157            android:exported="true" >
157-->src\main\AndroidManifest.xml:134:13-36
158            <intent-filter>
158-->src\main\AndroidManifest.xml:18:13-22:29
159                <action android:name="android.intent.action.MAIN" />
159-->src\main\AndroidManifest.xml:19:17-69
159-->src\main\AndroidManifest.xml:19:25-66
160
161                <category android:name="android.intent.category.LAUNCHER" />
161-->src\main\AndroidManifest.xml:21:17-77
161-->src\main\AndroidManifest.xml:21:27-74
162            </intent-filter>
163        </activity>
164        <activity
164-->src\main\AndroidManifest.xml:141:9-149:20
165            android:name="com.example.uancinema_app.EstrellaMillersActivity"
165-->src\main\AndroidManifest.xml:142:13-52
166            android:exported="true" >
166-->src\main\AndroidManifest.xml:143:13-36
167            <intent-filter>
167-->src\main\AndroidManifest.xml:18:13-22:29
168                <action android:name="android.intent.action.MAIN" />
168-->src\main\AndroidManifest.xml:19:17-69
168-->src\main\AndroidManifest.xml:19:25-66
169
170                <category android:name="android.intent.category.LAUNCHER" />
170-->src\main\AndroidManifest.xml:21:17-77
170-->src\main\AndroidManifest.xml:21:27-74
171            </intent-filter>
172        </activity>
173        <activity
173-->src\main\AndroidManifest.xml:150:9-158:20
174            android:name="com.example.uancinema_app.PeliculaAnabelleActivity"
174-->src\main\AndroidManifest.xml:151:13-53
175            android:exported="true" >
175-->src\main\AndroidManifest.xml:152:13-36
176            <intent-filter>
176-->src\main\AndroidManifest.xml:18:13-22:29
177                <action android:name="android.intent.action.MAIN" />
177-->src\main\AndroidManifest.xml:19:17-69
177-->src\main\AndroidManifest.xml:19:25-66
178
179                <category android:name="android.intent.category.LAUNCHER" />
179-->src\main\AndroidManifest.xml:21:17-77
179-->src\main\AndroidManifest.xml:21:27-74
180            </intent-filter>
181        </activity>
182        <activity
182-->src\main\AndroidManifest.xml:159:9-167:20
183            android:name="com.example.uancinema_app.DescargarAnabelleActivity"
183-->src\main\AndroidManifest.xml:160:13-54
184            android:exported="true" >
184-->src\main\AndroidManifest.xml:161:13-36
185            <intent-filter>
185-->src\main\AndroidManifest.xml:18:13-22:29
186                <action android:name="android.intent.action.MAIN" />
186-->src\main\AndroidManifest.xml:19:17-69
186-->src\main\AndroidManifest.xml:19:25-66
187
188                <category android:name="android.intent.category.LAUNCHER" />
188-->src\main\AndroidManifest.xml:21:17-77
188-->src\main\AndroidManifest.xml:21:27-74
189            </intent-filter>
190        </activity>
191        <activity
191-->src\main\AndroidManifest.xml:168:9-176:20
192            android:name="com.example.uancinema_app.EstrellaAnabelleActivity"
192-->src\main\AndroidManifest.xml:169:13-53
193            android:exported="true" >
193-->src\main\AndroidManifest.xml:170:13-36
194            <intent-filter>
194-->src\main\AndroidManifest.xml:18:13-22:29
195                <action android:name="android.intent.action.MAIN" />
195-->src\main\AndroidManifest.xml:19:17-69
195-->src\main\AndroidManifest.xml:19:25-66
196
197                <category android:name="android.intent.category.LAUNCHER" />
197-->src\main\AndroidManifest.xml:21:17-77
197-->src\main\AndroidManifest.xml:21:27-74
198            </intent-filter>
199        </activity>
200        <activity
200-->src\main\AndroidManifest.xml:177:9-185:20
201            android:name="com.example.uancinema_app.PeliculaRatatouilleActivity"
201-->src\main\AndroidManifest.xml:178:13-56
202            android:exported="true" >
202-->src\main\AndroidManifest.xml:179:13-36
203            <intent-filter>
203-->src\main\AndroidManifest.xml:18:13-22:29
204                <action android:name="android.intent.action.MAIN" />
204-->src\main\AndroidManifest.xml:19:17-69
204-->src\main\AndroidManifest.xml:19:25-66
205
206                <category android:name="android.intent.category.LAUNCHER" />
206-->src\main\AndroidManifest.xml:21:17-77
206-->src\main\AndroidManifest.xml:21:27-74
207            </intent-filter>
208        </activity>
209        <activity
209-->src\main\AndroidManifest.xml:186:9-194:20
210            android:name="com.example.uancinema_app.DescargaRatatouilleActivity"
210-->src\main\AndroidManifest.xml:187:13-56
211            android:exported="true" >
211-->src\main\AndroidManifest.xml:188:13-36
212            <intent-filter>
212-->src\main\AndroidManifest.xml:18:13-22:29
213                <action android:name="android.intent.action.MAIN" />
213-->src\main\AndroidManifest.xml:19:17-69
213-->src\main\AndroidManifest.xml:19:25-66
214
215                <category android:name="android.intent.category.LAUNCHER" />
215-->src\main\AndroidManifest.xml:21:17-77
215-->src\main\AndroidManifest.xml:21:27-74
216            </intent-filter>
217        </activity>
218        <activity
218-->src\main\AndroidManifest.xml:195:9-203:20
219            android:name="com.example.uancinema_app.EstrellaRatatouilleActivity"
219-->src\main\AndroidManifest.xml:196:13-56
220            android:exported="true" >
220-->src\main\AndroidManifest.xml:197:13-36
221            <intent-filter>
221-->src\main\AndroidManifest.xml:18:13-22:29
222                <action android:name="android.intent.action.MAIN" />
222-->src\main\AndroidManifest.xml:19:17-69
222-->src\main\AndroidManifest.xml:19:25-66
223
224                <category android:name="android.intent.category.LAUNCHER" />
224-->src\main\AndroidManifest.xml:21:17-77
224-->src\main\AndroidManifest.xml:21:27-74
225            </intent-filter>
226        </activity>
227        <activity
227-->src\main\AndroidManifest.xml:204:9-212:20
228            android:name="com.example.uancinema_app.PeliculaMaleficaActivity"
228-->src\main\AndroidManifest.xml:205:13-53
229            android:exported="true" >
229-->src\main\AndroidManifest.xml:206:13-36
230            <intent-filter>
230-->src\main\AndroidManifest.xml:18:13-22:29
231                <action android:name="android.intent.action.MAIN" />
231-->src\main\AndroidManifest.xml:19:17-69
231-->src\main\AndroidManifest.xml:19:25-66
232
233                <category android:name="android.intent.category.LAUNCHER" />
233-->src\main\AndroidManifest.xml:21:17-77
233-->src\main\AndroidManifest.xml:21:27-74
234            </intent-filter>
235        </activity>
236        <activity
236-->src\main\AndroidManifest.xml:213:9-221:20
237            android:name="com.example.uancinema_app.DescargarMaleficaActivity"
237-->src\main\AndroidManifest.xml:214:13-54
238            android:exported="true" >
238-->src\main\AndroidManifest.xml:215:13-36
239            <intent-filter>
239-->src\main\AndroidManifest.xml:18:13-22:29
240                <action android:name="android.intent.action.MAIN" />
240-->src\main\AndroidManifest.xml:19:17-69
240-->src\main\AndroidManifest.xml:19:25-66
241
242                <category android:name="android.intent.category.LAUNCHER" />
242-->src\main\AndroidManifest.xml:21:17-77
242-->src\main\AndroidManifest.xml:21:27-74
243            </intent-filter>
244        </activity>
245        <activity
245-->src\main\AndroidManifest.xml:222:9-230:20
246            android:name="com.example.uancinema_app.EstrellaMaleficaActivity"
246-->src\main\AndroidManifest.xml:223:13-53
247            android:exported="true" >
247-->src\main\AndroidManifest.xml:224:13-36
248            <intent-filter>
248-->src\main\AndroidManifest.xml:18:13-22:29
249                <action android:name="android.intent.action.MAIN" />
249-->src\main\AndroidManifest.xml:19:17-69
249-->src\main\AndroidManifest.xml:19:25-66
250
251                <category android:name="android.intent.category.LAUNCHER" />
251-->src\main\AndroidManifest.xml:21:17-77
251-->src\main\AndroidManifest.xml:21:27-74
252            </intent-filter>
253        </activity>
254        <activity
254-->src\main\AndroidManifest.xml:231:9-239:20
255            android:name="com.example.uancinema_app.PeliculaAvatarActivity"
255-->src\main\AndroidManifest.xml:232:13-51
256            android:exported="true" >
256-->src\main\AndroidManifest.xml:233:13-36
257            <intent-filter>
257-->src\main\AndroidManifest.xml:18:13-22:29
258                <action android:name="android.intent.action.MAIN" />
258-->src\main\AndroidManifest.xml:19:17-69
258-->src\main\AndroidManifest.xml:19:25-66
259
260                <category android:name="android.intent.category.LAUNCHER" />
260-->src\main\AndroidManifest.xml:21:17-77
260-->src\main\AndroidManifest.xml:21:27-74
261            </intent-filter>
262        </activity>
263        <activity
263-->src\main\AndroidManifest.xml:240:9-248:20
264            android:name="com.example.uancinema_app.DescargarAvatarActivity"
264-->src\main\AndroidManifest.xml:241:13-52
265            android:exported="true" >
265-->src\main\AndroidManifest.xml:242:13-36
266            <intent-filter>
266-->src\main\AndroidManifest.xml:18:13-22:29
267                <action android:name="android.intent.action.MAIN" />
267-->src\main\AndroidManifest.xml:19:17-69
267-->src\main\AndroidManifest.xml:19:25-66
268
269                <category android:name="android.intent.category.LAUNCHER" />
269-->src\main\AndroidManifest.xml:21:17-77
269-->src\main\AndroidManifest.xml:21:27-74
270            </intent-filter>
271        </activity>
272        <activity
272-->src\main\AndroidManifest.xml:249:9-257:20
273            android:name="com.example.uancinema_app.EstrellaAvatarActivity"
273-->src\main\AndroidManifest.xml:250:13-51
274            android:exported="true" >
274-->src\main\AndroidManifest.xml:251:13-36
275            <intent-filter>
275-->src\main\AndroidManifest.xml:18:13-22:29
276                <action android:name="android.intent.action.MAIN" />
276-->src\main\AndroidManifest.xml:19:17-69
276-->src\main\AndroidManifest.xml:19:25-66
277
278                <category android:name="android.intent.category.LAUNCHER" />
278-->src\main\AndroidManifest.xml:21:17-77
278-->src\main\AndroidManifest.xml:21:27-74
279            </intent-filter>
280        </activity>
281        <activity
281-->src\main\AndroidManifest.xml:258:9-266:20
282            android:name="com.example.uancinema_app.PeliculasBusquedadActivity"
282-->src\main\AndroidManifest.xml:259:13-55
283            android:exported="true" >
283-->src\main\AndroidManifest.xml:260:13-36
284            <intent-filter>
284-->src\main\AndroidManifest.xml:18:13-22:29
285                <action android:name="android.intent.action.MAIN" />
285-->src\main\AndroidManifest.xml:19:17-69
285-->src\main\AndroidManifest.xml:19:25-66
286
287                <category android:name="android.intent.category.LAUNCHER" />
287-->src\main\AndroidManifest.xml:21:17-77
287-->src\main\AndroidManifest.xml:21:27-74
288            </intent-filter>
289        </activity>
290        <activity
290-->src\main\AndroidManifest.xml:267:9-275:20
291            android:name="com.example.uancinema_app.PrimerFragment"
291-->src\main\AndroidManifest.xml:268:13-43
292            android:exported="true" >
292-->src\main\AndroidManifest.xml:269:13-36
293            <intent-filter>
293-->src\main\AndroidManifest.xml:18:13-22:29
294                <action android:name="android.intent.action.MAIN" />
294-->src\main\AndroidManifest.xml:19:17-69
294-->src\main\AndroidManifest.xml:19:25-66
295
296                <category android:name="android.intent.category.LAUNCHER" />
296-->src\main\AndroidManifest.xml:21:17-77
296-->src\main\AndroidManifest.xml:21:27-74
297            </intent-filter>
298        </activity>
299        <activity
299-->src\main\AndroidManifest.xml:276:9-284:20
300            android:name="com.example.uancinema_app.SegundoFragment"
300-->src\main\AndroidManifest.xml:277:13-44
301            android:exported="true" >
301-->src\main\AndroidManifest.xml:278:13-36
302            <intent-filter>
302-->src\main\AndroidManifest.xml:18:13-22:29
303                <action android:name="android.intent.action.MAIN" />
303-->src\main\AndroidManifest.xml:19:17-69
303-->src\main\AndroidManifest.xml:19:25-66
304
305                <category android:name="android.intent.category.LAUNCHER" />
305-->src\main\AndroidManifest.xml:21:17-77
305-->src\main\AndroidManifest.xml:21:27-74
306            </intent-filter>
307        </activity>
308        <activity
308-->src\main\AndroidManifest.xml:285:9-293:20
309            android:name="com.example.uancinema_app.TercerFragment"
309-->src\main\AndroidManifest.xml:286:13-43
310            android:exported="true" >
310-->src\main\AndroidManifest.xml:287:13-36
311            <intent-filter>
311-->src\main\AndroidManifest.xml:18:13-22:29
312                <action android:name="android.intent.action.MAIN" />
312-->src\main\AndroidManifest.xml:19:17-69
312-->src\main\AndroidManifest.xml:19:25-66
313
314                <category android:name="android.intent.category.LAUNCHER" />
314-->src\main\AndroidManifest.xml:21:17-77
314-->src\main\AndroidManifest.xml:21:27-74
315            </intent-filter>
316        </activity>
317
318        <property
318-->[com.google.android.gms:play-services-measurement-api:22.0.0] AndroidManifest.xml:30:9-32:61
319            android:name="android.adservices.AD_SERVICES_CONFIG"
319-->[com.google.android.gms:play-services-measurement-api:22.0.0] AndroidManifest.xml:31:13-65
320            android:resource="@xml/ga_ad_services_config" />
320-->[com.google.android.gms:play-services-measurement-api:22.0.0] AndroidManifest.xml:32:13-58
321
322        <service
322-->[com.google.android.gms:play-services-measurement-api:22.0.0] AndroidManifest.xml:34:9-40:19
323            android:name="com.google.firebase.components.ComponentDiscoveryService"
323-->[com.google.android.gms:play-services-measurement-api:22.0.0] AndroidManifest.xml:35:13-84
324            android:directBootAware="true"
324-->[com.google.firebase:firebase-common:21.0.0] AndroidManifest.xml:32:13-43
325            android:exported="false" >
325-->[com.google.android.gms:play-services-measurement-api:22.0.0] AndroidManifest.xml:36:13-37
326            <meta-data
326-->[com.google.android.gms:play-services-measurement-api:22.0.0] AndroidManifest.xml:37:13-39:85
327                android:name="com.google.firebase.components:com.google.firebase.analytics.connector.internal.AnalyticsConnectorRegistrar"
327-->[com.google.android.gms:play-services-measurement-api:22.0.0] AndroidManifest.xml:38:17-139
328                android:value="com.google.firebase.components.ComponentRegistrar" />
328-->[com.google.android.gms:play-services-measurement-api:22.0.0] AndroidManifest.xml:39:17-82
329            <meta-data
329-->[com.google.firebase:firebase-installations:18.0.0] AndroidManifest.xml:15:13-17:85
330                android:name="com.google.firebase.components:com.google.firebase.installations.FirebaseInstallationsKtxRegistrar"
330-->[com.google.firebase:firebase-installations:18.0.0] AndroidManifest.xml:16:17-130
331                android:value="com.google.firebase.components.ComponentRegistrar" />
331-->[com.google.firebase:firebase-installations:18.0.0] AndroidManifest.xml:17:17-82
332            <meta-data
332-->[com.google.firebase:firebase-installations:18.0.0] AndroidManifest.xml:18:13-20:85
333                android:name="com.google.firebase.components:com.google.firebase.installations.FirebaseInstallationsRegistrar"
333-->[com.google.firebase:firebase-installations:18.0.0] AndroidManifest.xml:19:17-127
334                android:value="com.google.firebase.components.ComponentRegistrar" />
334-->[com.google.firebase:firebase-installations:18.0.0] AndroidManifest.xml:20:17-82
335            <meta-data
335-->[com.google.firebase:firebase-common-ktx:21.0.0] AndroidManifest.xml:12:13-14:85
336                android:name="com.google.firebase.components:com.google.firebase.ktx.FirebaseCommonLegacyRegistrar"
336-->[com.google.firebase:firebase-common-ktx:21.0.0] AndroidManifest.xml:13:17-116
337                android:value="com.google.firebase.components.ComponentRegistrar" />
337-->[com.google.firebase:firebase-common-ktx:21.0.0] AndroidManifest.xml:14:17-82
338            <meta-data
338-->[com.google.firebase:firebase-common:21.0.0] AndroidManifest.xml:35:13-37:85